Using Spark's default log4j profile: org/apache/spark/log4j-defaults.properties
20/01/28 22:16:35 INFO SparkContext: Running Spark version 3.0.0-preview
20/01/28 22:16:35 WARN NativeCodeLoader: Unable to load native-hadoop library for your platform... using builtin-java classes where applicable
20/01/28 22:16:36 INFO ResourceUtils: ==============================================================
20/01/28 22:16:36 INFO ResourceUtils: Resources for spark.driver:

20/01/28 22:16:36 INFO ResourceUtils: ==============================================================
20/01/28 22:16:36 INFO SparkContext: Submitted application: WEDT
20/01/28 22:16:36 INFO SecurityManager: Changing view acls to: kubajal
20/01/28 22:16:36 INFO SecurityManager: Changing modify acls to: kubajal
20/01/28 22:16:36 INFO SecurityManager: Changing view acls groups to: 
20/01/28 22:16:36 INFO SecurityManager: Changing modify acls groups to: 
20/01/28 22:16:36 INFO SecurityManager: SecurityManager: authentication disabled; ui acls disabled; users  with view permissions: Set(kubajal); groups with view permissions: Set(); users  with modify permissions: Set(kubajal); groups with modify permissions: Set()
20/01/28 22:16:37 INFO Utils: Successfully started service 'sparkDriver' on port 58398.
20/01/28 22:16:37 INFO SparkEnv: Registering MapOutputTracker
20/01/28 22:16:37 INFO SparkEnv: Registering BlockManagerMaster
20/01/28 22:16:37 INFO BlockManagerMasterEndpoint: Using org.apache.spark.storage.DefaultTopologyMapper for getting topology information
20/01/28 22:16:37 INFO BlockManagerMasterEndpoint: BlockManagerMasterEndpoint up
20/01/28 22:16:37 INFO DiskBlockManager: Created local directory at C:\Users\user\AppData\Local\Temp\blockmgr-7100ea34-29b4-44df-84b5-5beb188e9da9
20/01/28 22:16:37 INFO MemoryStore: MemoryStore started with capacity 1992.9 MiB
20/01/28 22:16:37 INFO SparkEnv: Registering OutputCommitCoordinator
20/01/28 22:16:37 INFO Utils: Successfully started service 'SparkUI' on port 4040.
20/01/28 22:16:37 INFO SparkUI: Bound SparkUI to 0.0.0.0, and started at http://192.168.1.11:4040
20/01/28 22:16:38 INFO Executor: Starting executor ID driver on host 192.168.1.11
20/01/28 22:16:38 INFO Utils: Successfully started service 'org.apache.spark.network.netty.NettyBlockTransferService' on port 58457.
20/01/28 22:16:38 INFO NettyBlockTransferService: Server created on 192.168.1.11:58457
20/01/28 22:16:38 INFO BlockManager: Using org.apache.spark.storage.RandomBlockReplicationPolicy for block replication policy
20/01/28 22:16:38 INFO BlockManagerMaster: Registering BlockManager BlockManagerId(driver, 192.168.1.11, 58457, None)
20/01/28 22:16:38 INFO BlockManagerMasterEndpoint: Registering block manager 192.168.1.11:58457 with 1992.9 MiB RAM, BlockManagerId(driver, 192.168.1.11, 58457, None)
20/01/28 22:16:38 INFO BlockManagerMaster: Registered BlockManager BlockManagerId(driver, 192.168.1.11, 58457, None)
20/01/28 22:16:38 INFO BlockManager: Initialized BlockManager: BlockManagerId(driver, 192.168.1.11, 58457, None)
wczytano 180 wierszy dla trainDf
wczytano 180 wierszy dla testDf
layer(1);layer(2);f1;czas;stepSize
10;10;0.27686344235030097;16815;0.1
10;20;0.20386979666562918;11554;0.1
10;30;0.4453826619140145;11324;0.1
10;40;0.3840681075893116;10804;0.1
10;50;0.47405913638458486;11217;0.1
10;60;0.556818247318884;11789;0.1
10;70;0.35777478221252096;11461;0.1
10;80;0.4781056780393843;11364;0.1
10;90;0.25639424326682675;11260;0.1
10;100;0.2412273593640324;11809;0.1
20;10;0.28841364274639575;10827;0.1
20;20;0.395619487857381;10732;0.1
20;30;0.4789132446447514;11558;0.1
20;40;0.48702945710508894;11135;0.1
20;50;0.5020315235974893;11438;0.1
20;60;0.5114176790431468;11951;0.1
20;70;0.4649291380559757;13231;0.1
20;80;0.4214250444422364;12466;0.1
20;90;0.5438423789371888;13559;0.1
20;100;0.39955222829937675;12104;0.1
30;10;0.37733223177448527;10616;0.1
30;20;0.4737198624243965;10422;0.1
30;30;0.44283923441947753;11748;0.1
30;40;0.49521282028223956;10896;0.1
30;50;0.40986523184763585;11348;0.1
30;60;0.4782538161676113;11523;0.1
30;70;0.4970307723532496;12588;0.1
30;80;0.5381499220682704;15390;0.1
30;90;0.5543926100553536;12700;0.1
30;100;0.5274316457825622;13796;0.1
40;10;0.1765017599284218;10217;0.1
40;20;0.43627230893030616;10459;0.1
40;30;0.43085281639277395;10467;0.1
40;40;0.4603840826212039;10811;0.1
40;50;0.5360357069560233;10932;0.1
40;60;0.5181406287727859;12432;0.1
40;70;0.5393165342285927;13610;0.1
40;80;0.538191093630646;12541;0.1
40;90;0.5731970020761068;14047;0.1
40;100;0.5490554392606486;13394;0.1
50;10;0.24821378883227235;12138;0.1
50;20;0.3201346155049781;11762;0.1
50;30;0.4043794085763602;10796;0.1
50;40;0.5081384475108572;11113;0.1
50;50;0.5138462366068771;11376;0.1
50;60;0.5497947465430004;11951;0.1
50;70;0.47586128057492133;12000;0.1
50;80;0.4529220421556134;12401;0.1
50;90;0.4434926076346103;12923;0.1
50;100;0.44689790723350437;12316;0.1
60;10;0.2538826952888784;10697;0.1
60;20;0.316447985849838;10866;0.1
60;30;0.4418851913323455;10958;0.1
60;40;0.488487070939936;11151;0.1
60;50;0.5221515584536228;11402;0.1
60;60;0.4840257544500647;11513;0.1
60;70;0.49909648257145844;12151;0.1
60;80;0.43338257969012356;12302;0.1
60;90;0.45226719783385805;13168;0.1
60;100;0.5086489958430535;15516;0.1
70;10;0.2274834617077345;10812;0.1
70;20;0.36561705048511917;10890;0.1
70;30;0.4926718498671421;11600;0.1
70;40;0.47353104878985636;11476;0.1
70;50;0.41421361816665697;11864;0.1
70;60;0.4469072298279321;11820;0.1
70;70;0.583224923973062;12466;0.1
70;80;0.5799569039702552;13518;0.1
70;90;0.5633081229287287;12873;0.1
70;100;0.5618550422844459;13389;0.1
80;10;0.28963877556761985;10881;0.1
80;20;0.3780452076017965;10946;0.1
80;30;0.43668178795572193;11307;0.1
80;40;0.48363496184840393;11754;0.1
80;50;0.5274534837455154;11754;0.1
80;60;0.4861259001251284;12108;0.1
80;70;0.6071047052203911;12422;0.1
80;80;0.5722264316371203;13109;0.1
80;90;0.6011172397050073;14567;0.1
80;100;0.5213405452937384;15767;0.1
90;10;0.20110068962914807;10966;0.1
90;20;0.342997270962079;11322;0.1
90;30;0.3362101241338749;11695;0.1
90;40;0.47997360252455756;11907;0.1
90;50;0.4539201481663375;12425;0.1
90;60;0.5564252392964721;12587;0.1
90;70;0.4646081256321657;13786;0.1
90;80;0.5004510956676111;13111;0.1
90;90;0.5313180869280425;13991;0.1
90;100;0.49821020265721605;14911;0.1
100;10;0.24267902842543015;11440;0.1
100;20;0.3284101780926786;11510;0.1
100;30;0.4080494429820723;11895;0.1
100;40;0.48647561687638863;12168;0.1
100;50;0.49929946928897334;12483;0.1
100;60;0.4673283220948665;12585;0.1
100;70;0.5485569035833361;12970;0.1
100;80;0.4850597716087586;13886;0.1
100;90;0.4418897445184923;13880;0.1
100;100;0.5289558585418126;18032;0.1
10;10;0.2728511043492306;9794;0.4
10;20;0.20386979666562918;9556;0.4
10;30;0.4522319769825076;9996;0.4
10;40;0.378742855064059;10155;0.4
10;50;0.47405913638458486;10719;0.4
10;60;0.5581388822395189;11142;0.4
10;70;0.3581771966994425;10428;0.4
10;80;0.4654142405254116;10551;0.4
10;90;0.25639424326682675;10547;0.4
10;100;0.2483384704751435;10978;0.4
20;10;0.2876479912019538;9756;0.4
20;20;0.3999484921863853;10088;0.4
20;30;0.4774120197407868;10586;0.4
20;40;0.4939885931491565;10181;0.4
20;50;0.49395372346335104;10655;0.4
20;60;0.5114176790431468;10942;0.4
20;70;0.46226247138930904;11901;0.4
20;80;0.42352321294040485;11868;0.4
20;90;0.5413635791981151;13205;0.4
20;100;0.39955222829937675;11673;0.4
30;10;0.38588891765511485;9790;0.4
30;20;0.46005984937808203;10053;0.4
30;30;0.4396069111871543;11271;0.4
30;40;0.49521282028223956;10567;0.4
30;50;0.40167609703878276;11050;0.4
30;60;0.4782538161676113;11416;0.4
30;70;0.4985545818770591;12107;0.4
30;80;0.5381499220682704;15985;0.4
30;90;0.5543926100553536;12747;0.4
30;100;0.5274316457825622;12940;0.4
40;10;0.17708761851428034;10080;0.4
40;20;0.4261757131942738;10292;0.4
40;30;0.42701443255439014;10581;0.4
40;40;0.4662481400249874;10728;0.4
40;50;0.5377133282392784;11004;0.4
40;60;0.5195490794770112;12152;0.4
40;70;0.551225157686512;13432;0.4
40;80;0.538191093630646;11599;0.4
40;90;0.573566647651232;12828;0.4
40;100;0.5567948047464929;11905;0.4
50;10;0.25858944885300283;10635;0.4
50;20;0.31229059144177596;10503;0.4
50;30;0.4041423715393231;10579;0.4
50;40;0.4971162252886351;10933;0.4
50;50;0.5138462366068771;11091;0.4
50;60;0.5497947465430004;11655;0.4
50;70;0.48016223783362505;11943;0.4
50;80;0.4381502665947967;12008;0.4
50;90;0.4451180044600071;12977;0.4
50;100;0.45080901834461545;12220;0.4
60;10;0.25194921968779715;10505;0.4
60;20;0.3192061478756057;11007;0.4
60;30;0.4392373407585833;10895;0.4
60;40;0.4879820204348855;11073;0.4
60;50;0.5221515584536228;11489;0.4
60;60;0.4866231570474673;11443;0.4
60;70;0.5026520381270141;11924;0.4
60;80;0.4306428536627263;12301;0.4
60;90;0.4542253046686772;13303;0.4
60;100;0.5086489958430535;15234;0.4
70;10;0.25112667217216794;10747;0.4
70;20;0.3784148049376681;10772;0.4
70;30;0.4906600212087381;11495;0.4
70;40;0.4825150238732334;11537;0.4
70;50;0.4093247292777681;11796;0.4
70;60;0.4434989394881349;11895;0.4
70;70;0.578886241650818;12405;0.4
70;80;0.5799569039702552;13392;0.4
70;90;0.5644234668440726;12833;0.4
70;100;0.5618550422844459;12779;0.4
80;10;0.2876108257125429;10836;0.4
80;20;0.38260468891196264;10905;0.4
80;30;0.4356454690320791;11180;0.4
80;40;0.5038346072091529;11696;0.4
80;50;0.5182361595986137;11907;0.4
80;60;0.4893874787291727;12109;0.4
80;70;0.6071047052203911;12317;0.4
80;80;0.5679283141651653;12912;0.4
80;90;0.6032748154625832;14165;0.4
80;100;0.5190294341826274;15856;0.4
90;10;0.20584193355040353;10944;0.4
90;20;0.3356247013360654;11846;0.4
90;30;0.3417500302371613;11810;0.4
90;40;0.4793193733443009;11696;0.4
90;50;0.4552534814996709;12401;0.4
90;60;0.5546474615186944;12300;0.4
90;70;0.4646081256321657;13535;0.4
90;80;0.4976560216396604;13007;0.4
90;90;0.5262196742296298;13922;0.4
90;100;0.5004637237839766;15121;0.4
100;10;0.24332383014188919;11421;0.4
100;20;0.3193721385923585;11367;0.4
100;30;0.4102667076048164;11840;0.4
100;40;0.48647561687638863;11999;0.4
100;50;0.49929946928897334;12234;0.4
100;60;0.46936354714379025;12465;0.4
100;70;0.5485569035833361;12946;0.4
100;80;0.4898359844413095;14046;0.4
100;90;0.4433119667407145;14478;0.4
100;100;0.5282861477351155;19141;0.4
10;10;0.2872382650237152;9952;0.7
10;20;0.20386979666562918;9754;0.7
10;30;0.44340278486564433;10079;0.7
10;40;0.3840681075893116;10069;0.7
10;50;0.47405913638458486;10566;0.7
10;60;0.5543293584299951;11187;0.7
10;70;0.35777478221252096;11358;0.7
10;80;0.4693115801185258;13819;0.7
10;90;0.25639424326682675;15182;0.7
10;100;0.2452415007781738;12624;0.7
20;10;0.27752693354286795;11193;0.7
20;20;0.39393910251502384;12096;0.7
20;30;0.47938343381631043;12398;0.7
20;40;0.4815685018249555;13178;0.7
20;50;0.5060538677634954;13339;0.7
20;60;0.5114176790431468;12791;0.7
20;70;0.4658180269448646;14738;0.7
20;80;0.4214250444422364;13913;0.7
20;90;0.5413635791981151;15150;0.7
20;100;0.39955222829937675;14384;0.7
30;10;0.38339272839836214;11130;0.7
30;20;0.4621599580973689;11535;0.7
30;30;0.4396069111871543;12676;0.7
30;40;0.49521282028223956;11515;0.7
30;50;0.4091531895862979;12598;0.7
30;60;0.4782538161676113;12760;0.7
30;70;0.49620624528214724;14572;0.7
30;80;0.5381499220682704;17778;0.7
30;90;0.5543926100553536;15077;0.7
30;100;0.5274316457825622;15082;0.7
40;10;0.17415428518094703;11716;0.7
40;20;0.43085124110923834;11889;0.7
40;30;0.42701443255439014;12785;0.7
40;40;0.4563104697804678;12317;0.7
40;50;0.5410748305866963;12324;0.7
40;60;0.5194191675855713;13478;0.7
40;70;0.536561824149939;15000;0.7
40;80;0.538191093630646;12811;0.7
40;90;0.5783155060987205;15001;0.7
40;100;0.554525837407103;12979;0.7
50;10;0.25816548554453245;11291;0.7
50;20;0.306271174836058;11540;0.7
50;30;0.4041423715393231;11504;0.7
50;40;0.5022020073208959;11771;0.7
50;50;0.5138462366068771;11820;0.7
50;60;0.5497947465430004;12506;0.7
50;70;0.47436746922195505;13076;0.7
50;80;0.45366701150872474;13099;0.7
50;90;0.4404957822377849;13936;0.7
50;100;0.4432460035816007;13204;0.7
60;10;0.25023827523319075;11446;0.7
60;20;0.3281888034047401;11656;0.7
60;30;0.44189125511228544;11859;0.7
60;40;0.4987035211563862;11946;0.7
60;50;0.5258312121332764;12302;0.7
60;60;0.4866231570474673;12399;0.7
60;70;0.5026520381270141;13338;0.7
60;80;0.43173874407368523;13271;0.7
60;90;0.4579282529519844;14433;0.7
60;100;0.5086489958430535;16821;0.7
70;10;0.24101872945210356;11688;0.7
70;20;0.3880849071337977;12403;0.7
70;30;0.4926372573667962;12317;0.7
70;40;0.46344895623452437;12259;0.7
70;50;0.41862631657935534;12698;0.7
70;60;0.45001660933731163;12864;0.7
70;70;0.5804851979456649;13800;0.7
70;80;0.5837925204086114;13992;0.7
70;90;0.5620107684313742;13957;0.7
70;100;0.5618550422844459;13960;0.7
80;10;0.2834352673116324;11731;0.7
80;20;0.3799658727578079;11841;0.7
80;30;0.43101038580544654;12102;0.7
80;40;0.4736081342159425;12314;0.7
80;50;0.5128647860582262;12659;0.7
80;60;0.48582984914414595;13172;0.7
80;70;0.6071047052203911;13523;0.7
80;80;0.5649094997612842;14639;0.7
80;90;0.6128344114221791;15100;0.7
80;100;0.5178865770397703;17197;0.7
90;10;0.19234828246360292;11867;0.7
90;20;0.35443396483180395;12222;0.7
90;30;0.3426550970013829;12506;0.7
90;40;0.4791908236595869;12627;0.7
90;50;0.45125348149967087;13261;0.7
90;60;0.5546474615186944;13317;0.7
90;70;0.4646081256321657;14894;0.7
90;80;0.4974207926373081;14196;0.7
90;90;0.5254873990973546;15611;0.7
90;100;0.5111008800549357;16750;0.7
100;10;0.24017043267863256;12461;0.7
100;20;0.3218904674205465;12641;0.7
100;30;0.4115609968771879;12678;0.7
100;40;0.4896756168763886;12999;0.7
100;50;0.49929946928897334;13238;0.7
100;60;0.4550386939148273;13473;0.7
100;70;0.5485569035833361;14391;0.7
100;80;0.48816007037102926;15115;0.7
100;90;0.4433119667407145;15199;0.7
100;100;0.5421123663354032;18866;0.7
10;10;0.2803462083063063;10527;1.0
10;20;0.20386979666562918;10340;1.0
10;30;0.45061779208065145;10862;1.0
10;40;0.3840681075893116;10700;1.0
10;50;0.47405913638458486;11141;1.0
10;60;0.5543293584299951;11851;1.0
10;70;0.35777478221252096;11674;1.0
10;80;0.4812975972313035;11618;1.0
10;90;0.25639424326682675;11544;1.0
10;100;0.2520394805761536;12006;1.0
20;10;0.2919717645411372;10625;1.0
20;20;0.3880516566275779;10854;1.0
20;30;0.46774455579935026;13197;1.0
20;40;0.4912488671217593;15428;1.0
20;50;0.4966203901300177;14841;1.0
20;60;0.5232376399042036;13046;1.0
20;70;0.4658180269448646;14281;1.0
20;80;0.4214250444422364;14793;1.0
20;90;0.5460773129529447;16280;1.0
20;100;0.39955222829937675;14174;1.0
30;10;0.38189814306430164;12585;1.0
30;20;0.4708051418329635;12838;1.0
30;30;0.44162711320735626;13416;1.0
30;40;0.49521282028223956;12303;1.0
30;50;0.3896707315122905;12290;1.0
30;60;0.4782538161676113;12863;1.0
30;70;0.4985545818770591;13833;1.0
30;80;0.5381499220682704;17574;1.0
30;90;0.5543926100553536;15844;1.0
30;100;0.5274316457825622;15330;1.0
40;10;0.17858361010438958;11278;1.0
40;20;0.42876071817364503;12278;1.0
40;30;0.43085281639277395;12100;1.0
40;40;0.4567549142249122;12293;1.0
40;50;0.5328486817746321;12769;1.0
40;60;0.5142522758240433;14468;1.0
40;70;0.550215056676411;15714;1.0
40;80;0.538191093630646;13134;1.0
40;90;0.5783155060987205;14509;1.0
40;100;0.5575580712139848;13778;1.0
50;10;0.26037921952297227;11709;1.0
50;20;0.3172207646678396;11919;1.0
50;30;0.4041423715393231;11891;1.0
50;40;0.49215702632380226;12570;1.0
50;50;0.5138462366068771;12872;1.0
50;60;0.5497947465430004;14187;1.0
50;70;0.47755629917134834;13558;1.0
50;80;0.4511005013365808;14025;1.0
50;90;0.4451180044600071;15030;1.0
50;100;0.4405874177230148;15116;1.0
60;10;0.24919654200554198;12847;1.0
60;20;0.32537371802064063;12192;1.0
60;30;0.4442252591364303;12649;1.0
60;40;0.4882850507379158;12740;1.0
60;50;0.5226566089586733;13117;1.0
60;60;0.4840257544500647;13407;1.0
60;70;0.5026520381270141;13809;1.0
60;80;0.43338257969012356;13833;1.0
60;90;0.46980039907070587;15243;1.0
60;100;0.5058320944346028;17432;1.0
70;10;0.25630953057543415;12092;1.0
70;20;0.37857758340729586;13477;1.0
70;30;0.4906267096192621;13055;1.0
70;40;0.48267300432826177;13005;1.0
70;50;0.42451838007141884;13741;1.0
70;60;0.4506192699947668;13955;1.0
70;70;0.5795719559365324;14236;1.0
70;80;0.5837925204086114;14696;1.0
70;90;0.5625060065266123;14467;1.0
70;100;0.5618550422844459;14950;1.0
80;10;0.2896761093036173;12071;1.0
80;20;0.3894574250140138;12784;1.0
80;30;0.4286560578173157;12903;1.0
80;40;0.4842204841144202;13248;1.0
80;50;0.5175763786909455;13432;1.0
80;60;0.4862824558981226;13806;1.0
80;70;0.6071047052203911;13915;1.0
80;80;0.5679267009264307;14603;1.0
80;90;0.5954606740484417;16428;1.0
80;100;0.520375465928659;17823;1.0
90;10;0.20454227340605885;12226;1.0
90;20;0.3455974865074614;12645;1.0
90;30;0.3499226034125513;13245;1.0
90;40;0.47483552903031967;13539;1.0
90;50;0.46081961906580843;14213;1.0
90;60;0.5564252392964721;14195;1.0
90;70;0.4646081256321657;15334;1.0
90;80;0.5004510956676111;14594;1.0
90;90;0.5252355472455028;15934;1.0
90;100;0.5051853870971892;17472;1.0
100;10;0.22970291645313834;12700;1.0
100;20;0.3363582004178569;12888;1.0
100;30;0.40426937444298394;13476;1.0
100;40;0.48647561687638863;13602;1.0
100;50;0.49929946928897334;13567;1.0
100;60;0.46278000587531753;13951;1.0
100;70;0.5485569035833361;14890;1.0
100;80;0.4855006390355416;16025;1.0
100;90;0.4378897445184923;16675;1.0
100;100;0.5416323956019113;22356;1.0
